<?xml version="1.0" encoding="UTF-8"?>
<robot generator="Robot 7.0 (Python 3.9.4 on win32)" generated="2024-02-14T19:00:31.070432" rpa="false" schemaversion="5">
<suite id="s1" name="Login" source="C:\Users\HP\PycharmProjects\Robot\ss\login.robot">
<test id="s1-t1" name="TC01 Login to ISO" line="11">
<kw name="login to app">
<kw name="Open Browser" owner="SeleniumLibrary">
<msg time="2024-02-14T19:00:31.412077" level="INFO">Opening browser 'chrome' to base url 'https://iso.digitaltransformationinstitute.org:11001/account/login'.</msg>
<msg time="2024-02-14T19:00:51.489080" level="WARN">Error sending stats to Plausible: error sending request for url (https://plausible.io/api/event): operation timed out</msg>
<arg>${URL}</arg>
<arg>${BROWSER}</arg>
<doc>Opens a new browser instance to the optional ``url``.</doc>
<status status="PASS" start="2024-02-14T19:00:31.410876" elapsed="36.131408"/>
</kw>
<kw name="Sleep" owner="BuiltIn">
<msg time="2024-02-14T19:01:17.551239" level="INFO">Slept 10 seconds.</msg>
<arg>10 seconds</arg>
<doc>Pauses the test executed for the given time.</doc>
<status status="PASS" start="2024-02-14T19:01:07.543282" elapsed="10.009956"/>
</kw>
<kw name="Input Text" owner="SeleniumLibrary">
<msg time="2024-02-14T19:01:17.556367" level="INFO">Typing text 'admin' into text field 'xpath://input[@id="username"]'.</msg>
<msg time="2024-02-14T19:01:17.829807" level="INFO" html="true">&lt;/td&gt;&lt;/tr&gt;&lt;tr&gt;&lt;td colspan="3"&gt;&lt;a href="selenium-screenshot-1.png"&gt;&lt;img src="selenium-screenshot-1.png" width="800px"&gt;&lt;/a&gt;</msg>
<msg time="2024-02-14T19:01:17.829807" level="FAIL">Element with locator 'xpath://input[@id="username"]' not found.</msg>
<arg>xpath://input[@id="username"]</arg>
<arg>admin</arg>
<doc>Types the given ``text`` into the text field identified by ``locator``.</doc>
<status status="FAIL" start="2024-02-14T19:01:17.554239" elapsed="0.278597">Element with locator 'xpath://input[@id="username"]' not found.</status>
</kw>
<kw name="Input Text" owner="SeleniumLibrary">
<arg>id:password</arg>
<arg>IsoUser%567</arg>
<doc>Types the given ``text`` into the text field identified by ``locator``.</doc>
<status status="NOT RUN" start="2024-02-14T19:01:17.832836" elapsed="0.000000"/>
</kw>
<kw name="Sleep" owner="BuiltIn">
<arg>10 seconds</arg>
<doc>Pauses the test executed for the given time.</doc>
<status status="NOT RUN" start="2024-02-14T19:01:17.834081" elapsed="0.000000"/>
</kw>
<kw name="Click Element" owner="SeleniumLibrary">
<arg>xpath://span[@class='mdc-button__label' and contains(text(), 'دخول')]</arg>
<doc>Click the element identified by ``locator``.</doc>
<status status="NOT RUN" start="2024-02-14T19:01:17.835100" elapsed="0.000000"/>
</kw>
<status status="FAIL" start="2024-02-14T19:00:31.409872" elapsed="46.425228">Element with locator 'xpath://input[@id="username"]' not found.</status>
</kw>
<status status="FAIL" start="2024-02-14T19:00:31.408842" elapsed="46.427180">Element with locator 'xpath://input[@id="username"]' not found.</status>
</test>
<test id="s1-t2" name="TC02 Login to ISO" line="13">
<kw name="login to app with invalid data">
<kw name="Open Browser" owner="SeleniumLibrary">
<msg time="2024-02-14T19:01:17.839371" level="INFO">Opening browser 'chrome' to base url 'https://iso.digitaltransformationinstitute.org:11001/account/login'.</msg>
<arg>${URL}</arg>
<arg>${BROWSER}</arg>
<doc>Opens a new browser instance to the optional ``url``.</doc>
<status status="PASS" start="2024-02-14T19:01:17.838370" elapsed="20.514553"/>
</kw>
<kw name="Sleep" owner="BuiltIn">
<msg time="2024-02-14T19:01:48.359799" level="INFO">Slept 10 seconds.</msg>
<arg>10 seconds</arg>
<doc>Pauses the test executed for the given time.</doc>
<status status="PASS" start="2024-02-14T19:01:38.352923" elapsed="10.006876"/>
</kw>
<kw name="Input Text" owner="SeleniumLibrary">
<msg time="2024-02-14T19:01:48.360975" level="INFO">Typing text 'admin899' into text field 'xpath://input[@id="username"]'.</msg>
<arg>xpath://input[@id="username"]</arg>
<arg>admin899</arg>
<doc>Types the given ``text`` into the text field identified by ``locator``.</doc>
<status status="PASS" start="2024-02-14T19:01:48.360975" elapsed="0.125831"/>
</kw>
<kw name="Input Text" owner="SeleniumLibrary">
<msg time="2024-02-14T19:01:48.493351" level="INFO">Typing text 'IsoUser%56732323' into text field 'id:password'.</msg>
<arg>id:password</arg>
<arg>IsoUser%56732323</arg>
<doc>Types the given ``text`` into the text field identified by ``locator``.</doc>
<status status="PASS" start="2024-02-14T19:01:48.493351" elapsed="0.123653"/>
</kw>
<kw name="Sleep" owner="BuiltIn">
<msg time="2024-02-14T19:01:58.624219" level="INFO">Slept 10 seconds.</msg>
<arg>10 seconds</arg>
<doc>Pauses the test executed for the given time.</doc>
<status status="PASS" start="2024-02-14T19:01:48.617004" elapsed="10.007215"/>
</kw>
<kw name="Click Element" owner="SeleniumLibrary">
<msg time="2024-02-14T19:01:58.625504" level="INFO">Clicking element 'xpath://span[@class='mdc-button__label' and contains(text(), 'دخول')]'.</msg>
<arg>xpath://span[@class='mdc-button__label' and contains(text(), 'دخول')]</arg>
<doc>Click the element identified by ``locator``.</doc>
<status status="PASS" start="2024-02-14T19:01:58.625504" elapsed="0.104160"/>
</kw>
<status status="PASS" start="2024-02-14T19:01:17.838370" elapsed="40.891294"/>
</kw>
<status status="PASS" start="2024-02-14T19:01:17.837713" elapsed="40.891951"/>
</test>
<status status="FAIL" start="2024-02-14T19:00:31.070432" elapsed="87.672095"/>
</suite>
<statistics>
<total>
<stat pass="1" fail="1" skip="0">All Tests</stat>
</total>
<tag>
</tag>
<suite>
<stat pass="1" fail="1" skip="0" id="s1" name="Login">Login</stat>
</suite>
</statistics>
<errors>
<msg time="2024-02-14T19:00:51.489080" level="WARN">Error sending stats to Plausible: error sending request for url (https://plausible.io/api/event): operation timed out</msg>
</errors>
</robot>
